<?xml version="1.0" encoding="UTF-8"?>
<!-- Generated by org.testng.reporters.JUnitReportReporter -->
<testsuite hostname="KTPersonal" failures="0" tests="1" name="webservice.SampleWebService.hitPost" time="0.779" errors="0" timestamp="2021-04-19T20:39:01 IST" skipped="0">
  <testcase classname="webservice.SampleWebService.hitPost" name="hitPost" time="0.779"/>
  <system-out/>
</testsuite> <!-- webservice.SampleWebService.hitPost -->
