<?xml version="1.0" encoding="UTF-8"?>
<!-- Generated by org.testng.reporters.JUnitReportReporter -->
<testsuite hostname="KTPersonal" failures="0" tests="1" name="webservice.SampleWebService.GetTest" time="1.071" errors="0" timestamp="2021-04-19T20:45:18 IST" skipped="0">
  <testcase classname="webservice.SampleWebService.GetTest" name="hitGet" time="1.071"/>
  <system-out/>
</testsuite> <!-- webservice.SampleWebService.GetTest -->
